<?xml version="1.0" encoding="UTF-8"?>
<testsuites>
  <testsuite name="" tests="22" assertions="36" errors="0" warnings="0" failures="0" skipped="0" time="0.023502">
    <testsuite name="Project Test Suite" tests="22" assertions="36" errors="0" warnings="0" failures="0" skipped="0" time="0.023502">
      <testsuite name="App\Card\CardHandTest" file="/home/tiqma/dbwebb-kurser/mvc/me/report/tests/Card/CardHandTest.php" tests="2" assertions="5" errors="0" warnings="0" failures="0" skipped="0" time="0.007813">
        <testcase name="testClearHand" class="App\Card\CardHandTest" classname="App.Card.CardHandTest" file="/home/tiqma/dbwebb-kurser/mvc/me/report/tests/Card/CardHandTest.php" line="15" assertions="2" time="0.007038"/>
        <testcase name="testAddCards" class="App\Card\CardHandTest" classname="App.Card.CardHandTest" file="/home/tiqma/dbwebb-kurser/mvc/me/report/tests/Card/CardHandTest.php" line="27" assertions="3" time="0.000775"/>
      </testsuite>
      <testsuite name="App\Card\DeckOfCardsTest" file="/home/tiqma/dbwebb-kurser/mvc/me/report/tests/Card/DeckOfCardsTest.php" tests="7" assertions="13" errors="0" warnings="0" failures="0" skipped="0" time="0.008123">
        <testcase name="testCreateDeckOfCards" class="App\Card\DeckOfCardsTest" classname="App.Card.DeckOfCardsTest" file="/home/tiqma/dbwebb-kurser/mvc/me/report/tests/Card/DeckOfCardsTest.php" line="16" assertions="2" time="0.000730"/>
        <testcase name="testGetDeck" class="App\Card\DeckOfCardsTest" classname="App.Card.DeckOfCardsTest" file="/home/tiqma/dbwebb-kurser/mvc/me/report/tests/Card/DeckOfCardsTest.php" line="26" assertions="1" time="0.000288"/>
        <testcase name="testDrawCard" class="App\Card\DeckOfCardsTest" classname="App.Card.DeckOfCardsTest" file="/home/tiqma/dbwebb-kurser/mvc/me/report/tests/Card/DeckOfCardsTest.php" line="35" assertions="2" time="0.001613"/>
        <testcase name="testDrawCardException" class="App\Card\DeckOfCardsTest" classname="App.Card.DeckOfCardsTest" file="/home/tiqma/dbwebb-kurser/mvc/me/report/tests/Card/DeckOfCardsTest.php" line="47" assertions="1" time="0.001229"/>
        <testcase name="testDrawCards" class="App\Card\DeckOfCardsTest" classname="App.Card.DeckOfCardsTest" file="/home/tiqma/dbwebb-kurser/mvc/me/report/tests/Card/DeckOfCardsTest.php" line="60" assertions="3" time="0.000481"/>
        <testcase name="testShuffleDeck" class="App\Card\DeckOfCardsTest" classname="App.Card.DeckOfCardsTest" file="/home/tiqma/dbwebb-kurser/mvc/me/report/tests/Card/DeckOfCardsTest.php" line="73" assertions="2" time="0.003458"/>
        <testcase name="testCountCards" class="App\Card\DeckOfCardsTest" classname="App.Card.DeckOfCardsTest" file="/home/tiqma/dbwebb-kurser/mvc/me/report/tests/Card/DeckOfCardsTest.php" line="86" assertions="2" time="0.000323"/>
      </testsuite>
      <testsuite name="App\Dice\DiceTest" file="/home/tiqma/dbwebb-kurser/mvc/me/report/tests/Dice/DiceTest.php" tests="1" assertions="2" errors="0" warnings="0" failures="0" skipped="0" time="0.000600">
        <testcase name="testCreateDice" class="App\Dice\DiceTest" classname="App.Dice.DiceTest" file="/home/tiqma/dbwebb-kurser/mvc/me/report/tests/Dice/DiceTest.php" line="16" assertions="2" time="0.000600"/>
      </testsuite>
      <testsuite name="App\Game\BankTest" file="/home/tiqma/dbwebb-kurser/mvc/me/report/tests/Game/BankTest.php" tests="4" assertions="7" errors="0" warnings="0" failures="0" skipped="0" time="0.004150">
        <testcase name="testShouldStopBelow17" class="App\Game\BankTest" classname="App.Game.BankTest" file="/home/tiqma/dbwebb-kurser/mvc/me/report/tests/Game/BankTest.php" line="16" assertions="1" time="0.001231"/>
        <testcase name="testShouldStopAt17" class="App\Game\BankTest" classname="App.Game.BankTest" file="/home/tiqma/dbwebb-kurser/mvc/me/report/tests/Game/BankTest.php" line="27" assertions="1" time="0.001138"/>
        <testcase name="testShouldStopAbove17" class="App\Game\BankTest" classname="App.Game.BankTest" file="/home/tiqma/dbwebb-kurser/mvc/me/report/tests/Game/BankTest.php" line="38" assertions="1" time="0.000311"/>
        <testcase name="testPlayBankerTurn" class="App\Game\BankTest" classname="App.Game.BankTest" file="/home/tiqma/dbwebb-kurser/mvc/me/report/tests/Game/BankTest.php" line="49" assertions="4" time="0.001470"/>
      </testsuite>
      <testsuite name="App\Game\PlayerTest" file="/home/tiqma/dbwebb-kurser/mvc/me/report/tests/Game/PlayerTest.php" tests="3" assertions="4" errors="0" warnings="0" failures="0" skipped="0" time="0.000895">
        <testcase name="testClearHand" class="App\Game\PlayerTest" classname="App.Game.PlayerTest" file="/home/tiqma/dbwebb-kurser/mvc/me/report/tests/Game/PlayerTest.php" line="15" assertions="2" time="0.000304"/>
        <testcase name="testHasBusted" class="App\Game\PlayerTest" classname="App.Game.PlayerTest" file="/home/tiqma/dbwebb-kurser/mvc/me/report/tests/Game/PlayerTest.php" line="29" assertions="1" time="0.000287"/>
        <testcase name="testHasNotBusted" class="App\Game\PlayerTest" classname="App.Game.PlayerTest" file="/home/tiqma/dbwebb-kurser/mvc/me/report/tests/Game/PlayerTest.php" line="41" assertions="1" time="0.000303"/>
      </testsuite>
      <testsuite name="App\Game\WinnerTest" file="/home/tiqma/dbwebb-kurser/mvc/me/report/tests/Game/WinnerTest.php" tests="5" assertions="5" errors="0" warnings="0" failures="0" skipped="0" time="0.001920">
        <testcase name="testDeterminePlayerBusted" class="App\Game\WinnerTest" classname="App.Game.WinnerTest" file="/home/tiqma/dbwebb-kurser/mvc/me/report/tests/Game/WinnerTest.php" line="17" assertions="1" time="0.000562"/>
        <testcase name="testDetermineBankerBusted" class="App\Game\WinnerTest" classname="App.Game.WinnerTest" file="/home/tiqma/dbwebb-kurser/mvc/me/report/tests/Game/WinnerTest.php" line="33" assertions="1" time="0.000327"/>
        <testcase name="testDeterminePlayerWins" class="App\Game\WinnerTest" classname="App.Game.WinnerTest" file="/home/tiqma/dbwebb-kurser/mvc/me/report/tests/Game/WinnerTest.php" line="49" assertions="1" time="0.000368"/>
        <testcase name="testDetermineBankerWins" class="App\Game\WinnerTest" classname="App.Game.WinnerTest" file="/home/tiqma/dbwebb-kurser/mvc/me/report/tests/Game/WinnerTest.php" line="68" assertions="1" time="0.000336"/>
        <testcase name="testDetermineTieGoesToBanker" class="App\Game\WinnerTest" classname="App.Game.WinnerTest" file="/home/tiqma/dbwebb-kurser/mvc/me/report/tests/Game/WinnerTest.php" line="87" assertions="1" time="0.000327"/>
      </testsuite>
    </testsuite>
  </testsuite>
</testsuites>
